<?xml version="1.0" encoding="UTF-8"?>
<!-- Generated by org.testng.reporters.JUnitReportReporter -->
<testsuite hostname="DESKTOP-7IVDP17" name="ftc.tc01" tests="1" failures="0" timestamp="24 Apr 2018 18:01:51 GMT" time="0.016" errors="0">
  <testcase name="firstTC" time="0.016" classname="ftc.tc01"/>
</testsuite> <!-- ftc.tc01 -->
